<?xml version="1.0" encoding="UTF-8"?>
<testng-results skipped="0" failed="0" ignored="0" total="1" passed="1">
  <reporter-output>
  </reporter-output>
  <suite name="Default suite" duration-ms="21" started-at="2017-09-28T20:12:04Z" finished-at="2017-09-28T20:12:04Z">
    <groups>
    </groups>
    <test name="Default test" duration-ms="21" started-at="2017-09-28T20:12:04Z" finished-at="2017-09-28T20:12:04Z">
      <class name="learning.Testng_learning">
        <test-method status="PASS" signature="learn1()[pri:0, instance:learning.Testng_learning@7921b0a2]" name="learn1" duration-ms="7" started-at="2017-09-28T15:12:04Z" finished-at="2017-09-28T15:12:04Z">
          <reporter-output>
          </reporter-output>
        </test-method> <!-- learn1 -->
      </class> <!-- learning.Testng_learning -->
    </test> <!-- Default test -->
  </suite> <!-- Default suite -->
</testng-results>
